<?xml version="1.0" encoding="UTF-8"?>
<testsuite name="org.scoula.board.controller.BoardControllerTest_" tests="1" skipped="0" failures="0" errors="0" timestamp="2025-06-16T08:34:35" hostname="STUDIO" time="0.115">
  <properties/>
  <testcase name="list()" classname="org.scoula.board.controller.BoardControllerTest_" time="0.115"/>
  <system-out><![CDATA[ INFO  org.springframework.test.context.web.WebTestContextBootstrapper(getDefaultTestExecutionListenerClassNames:245) - Loaded default TestExecutionListener class names from location [META-INF/spring.factories]: [org.springframework.test.context.web.ServletTestExecutionListener, org.springframework.test.context.support.DirtiesContextBeforeModesTestExecutionListener, org.springframework.test.context.event.ApplicationEventsTestExecutionListener, org.springframework.test.context.support.DependencyInjectionTestExecutionListener, org.springframework.test.context.support.DirtiesContextTestExecutionListener, org.springframework.test.context.transaction.TransactionalTestExecutionListener, org.springframework.test.context.jdbc.SqlScriptsTestExecutionListener, org.springframework.test.context.event.EventPublishingTestExecutionListener]
 INFO  org.springframework.test.context.web.WebTestContextBootstrapper(getTestExecutionListeners:174) - Using TestExecutionListeners: [org.springframework.test.context.web.ServletTestExecutionListener@538cd0f2, org.springframework.test.context.support.DirtiesContextBeforeModesTestExecutionListener@238ad8c, org.springframework.test.context.event.ApplicationEventsTestExecutionListener@430fa4ef, org.springframework.test.context.support.DependencyInjectionTestExecutionListener@1761de10, org.springframework.test.context.support.DirtiesContextTestExecutionListener@22df874e, org.springframework.test.context.transaction.TransactionalTestExecutionListener@654c1a54, org.springframework.test.context.jdbc.SqlScriptsTestExecutionListener@5bdaf2ce, org.springframework.test.context.event.EventPublishingTestExecutionListener@42d236fb]
 INFO  com.zaxxer.hikari.HikariDataSource(<init>:71) - HikariPool-1 - Starting...
 INFO  com.zaxxer.hikari.pool.PoolBase(getAndSetNetworkTimeout:526) - HikariPool-1 - Driver does not support get/set network timeout for connections. (Receiver class net.sf.log4jdbc.sql.jdbcapi.ConnectionSpy does not define or inherit an implementation of the resolved method 'abstract int getNetworkTimeout()' of interface java.sql.Connection.)
 INFO  com.zaxxer.hikari.HikariDataSource(<init>:73) - HikariPool-1 - Start completed.
 INFO  org.springframework.mock.web.MockServletContext(log:455) - Initializing Spring TestDispatcherServlet ''
 INFO  org.springframework.test.web.servlet.TestDispatcherServlet(initServletBean:525) - Initializing Servlet ''
 INFO  org.springframework.test.web.servlet.TestDispatcherServlet(initServletBean:547) - Completed initialization in 0 ms
 INFO  org.scoula.board.controller.BoardController(list:24) - list
 INFO  jdbc.sqlonly(sqlOccurred:228) - select * from tbl_board order by no desc 

 INFO  org.scoula.board.controller.BoardControllerTest_(list:48) - {list=[BoardDTO(no=8, title=테스트 새글 제목2, content=테스트 새글 내용2, writer=user1, regDate=Mon Jun 16 17:34:17 KST 2025, updateDate=Mon Jun 16 17:34:17 KST 2025), BoardDTO(no=7, title=새로작성하는글, content=새로작성하는내용, writer=user00, regDate=Mon Jun 16 11:50:23 KST 2025, updateDate=Mon Jun 16 11:50:23 KST 2025), BoardDTO(no=6, title=새로작성하는글, content=새로작성하는내용, writer=user0, regDate=Mon Jun 16 11:44:02 KST 2025, updateDate=Mon Jun 16 11:44:02 KST 2025), BoardDTO(no=5, title=테스트 제목5, content=테스트 내용5, writer=user00, regDate=Mon Jun 16 10:26:46 KST 2025, updateDate=Mon Jun 16 10:26:46 KST 2025), BoardDTO(no=4, title=테스트 제목4, content=테스트 내용4, writer=user00, regDate=Mon Jun 16 10:26:46 KST 2025, updateDate=Mon Jun 16 10:26:46 KST 2025), BoardDTO(no=3, title=테스트 제목3, content=테스트 내용3, writer=user00, regDate=Mon Jun 16 10:26:46 KST 2025, updateDate=Mon Jun 16 10:26:46 KST 2025), BoardDTO(no=2, title=테스트 제목2, content=테스트 내용2, writer=user00, regDate=Mon Jun 16 10:26:46 KST 2025, updateDate=Mon Jun 16 10:26:46 KST 2025), BoardDTO(no=1, title=테스트 제목1, content=테스트 내용1, writer=user00, regDate=Mon Jun 16 10:26:46 KST 2025, updateDate=Mon Jun 16 10:26:46 KST 2025)]}
]]></system-out>
  <system-err><![CDATA[]]></system-err>
</testsuite>
